<?xml version="1.0" encoding="UTF-8"?>
<!-- Generated by org.testng.reporters.JUnitXMLReporter -->
<testsuite ignored="1" hostname="DESKTOP-EF8P1RI" failures="0" tests="2" name="13 - Add product with variation enable and check product adding with all vaid data" time="77.025" errors="0" timestamp="2021-05-14T17:47:30 IST">
  <testcase classname="testcases_product.TS_01_login" name="login" time="1.114"/>
  <testcase classname="testcases_product.TS_03_AddProduct_variations_1" name="add_product" time="63.374"/>
  <testcase classname="test_base.base" name="@BeforeTest Start" time="0.0">
    <ignored/>
  </testcase> <!-- @BeforeTest Start -->
</testsuite> <!-- 13 - Add product with variation enable and check product adding with all vaid data -->
