<?xml version="1.0" encoding="UTF-8"?>
<!-- Generated by org.testng.reporters.JUnitXMLReporter -->
<testsuite ignored="1" hostname="DESKTOP-EF8P1RI" failures="0" tests="2" name="14-Add product with variation enable and check product adding combination number" time="83.386" errors="0" timestamp="2021-05-14T17:50:10 IST">
  <testcase classname="testcases_product.TS_01_login" name="login" time="0.985"/>
  <testcase classname="testcases_product.TS_06_AddProduct_variations_4" name="add_product_check_same_variation" time="75.102"/>
  <testcase classname="test_base.base" name="@BeforeTest Start" time="0.0">
    <ignored/>
  </testcase> <!-- @BeforeTest Start -->
</testsuite> <!-- 14-Add product with variation enable and check product adding combination number -->
