<?xml version="1.0" encoding="UTF-8"?>
<!-- Generated by org.testng.reporters.JUnitXMLReporter -->
<testsuite ignored="1" hostname="DESKTOP-EF8P1RI" failures="0" tests="2" name="16 -Add product with variation enable and check image upload" time="72.029" errors="0" timestamp="2021-05-14T17:52:14 IST">
  <testcase classname="testcases_product.TS_01_login" name="login" time="1.299"/>
  <testcase classname="testcases_product.TS_03_AddProduct_variations_1" name="add_product" time="63.526"/>
  <testcase classname="test_base.base" name="@BeforeTest Start" time="0.0">
    <ignored/>
  </testcase> <!-- @BeforeTest Start -->
</testsuite> <!-- 16 -Add product with variation enable and check image upload -->
