<?xml version="1.0" encoding="UTF-8"?>
<!-- Generated by org.testng.reporters.JUnitXMLReporter -->
<testsuite ignored="1" hostname="DESKTOP-EF8P1RI" failures="0" tests="2" name="18th , 19th,20 row data will use-check the combination while selecting more than one data from list " time="58.339" errors="0" timestamp="2021-05-14T17:54:26 IST">
  <testcase classname="testcases_product.TS_01_login" name="login" time="0.998"/>
  <testcase classname="testcases_product.TS_05_AddProduct_variations_3" name="add_product_check_same_variation" time="50.117"/>
  <testcase classname="test_base.base" name="@BeforeTest Start" time="0.0">
    <ignored/>
  </testcase> <!-- @BeforeTest Start -->
</testsuite> <!-- 18th , 19th,20 row data will use-check the combination while selecting more than one data from list  -->
