<?xml version="1.0" encoding="UTF-8"?>
<!-- Generated by org.testng.reporters.JUnitXMLReporter -->
<testsuite ignored="1" hostname="DESKTOP-EF8P1RI" failures="0" tests="2" name="action: Verify serach with valid data" time="35.029" errors="0" timestamp="2021-05-06T18:25:21 IST">
  <testcase classname="testcases_product.TS_01_login" name="login" time="1.01"/>
  <testcase classname="testcases_product.TS_09_Product_Search" name="Search_of_product" time="26.596"/>
  <testcase classname="test_base.base" name="@BeforeTest Start" time="0.0">
    <ignored/>
  </testcase> <!-- @BeforeTest Start -->
</testsuite> <!-- action: Verify serach with valid data -->
