<?xml version="1.0" encoding="UTF-8"?>
<!-- Generated by org.testng.reporters.JUnitXMLReporter -->
<testsuite ignored="1" hostname="DESKTOP-EF8P1RI" failures="0" tests="2" name="Add product with variation enable and check product adding combination number" time="59.681" errors="0" timestamp="2021-05-02T20:16:20 IST">
  <testcase classname="testcases_product.TS_1_login" name="login" time="1.241"/>
  <testcase classname="testcases_product.TS_3_AddProduct_variations" name="add_product" time="48.773"/>
  <testcase classname="test_base.base" name="@BeforeTest Start" time="0.0">
    <ignored/>
  </testcase> <!-- @BeforeTest Start -->
</testsuite> <!-- Add product with variation enable and check product adding combination number -->
