<?xml version="1.0" encoding="UTF-8"?>
<!-- Generated by org.testng.reporters.JUnitXMLReporter -->
<testsuite ignored="1" hostname="DESKTOP-EF8P1RI" failures="0" tests="2" name="Check product only show the same variation type and hide others" time="73.091" errors="0" timestamp="2021-05-14T17:57:36 IST">
  <testcase classname="testcases_product.TS_01_login" name="login" time="0.3"/>
  <testcase classname="testcases_product.TS_04_AddProduct_variations_2" name="add_product_check_same_variation" time="65.553"/>
  <testcase classname="test_base.base" name="@BeforeTest Start" time="0.0">
    <ignored/>
  </testcase> <!-- @BeforeTest Start -->
</testsuite> <!-- Check product only show the same variation type and hide others -->
