<?xml version="1.0" encoding="UTF-8"?>
<!-- Generated by org.testng.reporters.JUnitXMLReporter -->
<testsuite ignored="1" hostname="DESKTOP-EF8P1RI" failures="0" tests="2" name="Test scenario 20 " time="85.958" errors="0" timestamp="2021-05-06T01:29:23 IST">
  <testcase classname="testcases_product.TS_01_login" name="login" time="1.23"/>
  <testcase classname="testcases_product.TS_06_AddProduct_variations_4" name="add_product_check_same_variation" time="75.398"/>
  <testcase classname="test_base.base" name="@BeforeTest Start" time="0.0">
    <ignored/>
  </testcase> <!-- @BeforeTest Start -->
</testsuite> <!-- Test scenario 20  -->
