<?xml version="1.0" encoding="UTF-8"?>
<!-- Generated by org.testng.reporters.JUnitXMLReporter -->
<testsuite ignored="1" hostname="DESKTOP-EF8P1RI" failures="0" tests="2" name="Test scenario 15" time="70.123" errors="0" timestamp="2021-05-06T01:40:35 IST">
  <testcase classname="testcases_product.TS_01_login" name="login" time="1.144"/>
  <testcase classname="testcases_product.TS_03_AddProduct_variations_1" name="add_product" time="59.939"/>
  <testcase classname="test_base.base" name="@BeforeTest Start" time="0.0">
    <ignored/>
  </testcase> <!-- @BeforeTest Start -->
</testsuite> <!-- Test scenario 15 -->
