<?xml version="1.0" encoding="UTF-8"?>
<!-- Generated by org.testng.reporters.JUnitXMLReporter -->
<testsuite ignored="1" hostname="DESKTOP-EF8P1RI" failures="0" tests="2" name="Test scenario 4 to 6" time="38.465" errors="0" timestamp="2021-04-24T11:15:44 IST">
  <testcase classname="testcases_product.TS_1_login" name="login" time="0.937"/>
  <testcase classname="testcases_product.TS_2_AddProduct" name="add_product" time="24.513"/>
  <testcase classname="test_base.base" name="@BeforeTest Start" time="0.0">
    <ignored/>
  </testcase> <!-- @BeforeTest Start -->
</testsuite> <!-- Test scenario 4 to 6 -->
