<?xml version="1.0" encoding="UTF-8"?>
<!-- Generated by org.testng.reporters.JUnitXMLReporter -->
<testsuite ignored="1" hostname="DESKTOP-EF8P1RI" failures="0" tests="2" name="Test scenario 17" time="57.186" errors="0" timestamp="2021-05-06T00:08:41 IST">
  <testcase classname="testcases_product.TS_01_login" name="login" time="1.094"/>
  <testcase classname="testcases_product.TS_05_AddProduct_variations_3" name="add_product_check_same_variation" time="49.774"/>
  <testcase classname="test_base.base" name="@BeforeTest Start" time="0.0">
    <ignored/>
  </testcase> <!-- @BeforeTest Start -->
</testsuite> <!-- Test scenario 17 -->
