<?xml version="1.0" encoding="UTF-8"?>
<!-- Generated by org.testng.reporters.JUnitXMLReporter -->
<testsuite ignored="1" hostname="DESKTOP-EF8P1RI" failures="0" tests="2" name="Test scenario 16" time="86.102" errors="0" timestamp="2021-05-05T20:20:14 IST">
  <testcase classname="testcases_product.TS_01_login" name="login" time="0.95"/>
  <testcase classname="testcases_product.TS_04_AddProduct_variations_2" name="add_product_check_same_variation" time="60.517"/>
  <testcase classname="test_base.base" name="@BeforeTest Start" time="0.0">
    <ignored/>
  </testcase> <!-- @BeforeTest Start -->
</testsuite> <!-- Test scenario 16 -->
