<?xml version="1.0" encoding="UTF-8"?>
<!-- Generated by org.testng.reporters.JUnitXMLReporter -->
<testsuite ignored="1" hostname="DESKTOP-EF8P1RI" failures="0" tests="2" name="Test scenario 14" time="66.569" errors="0" timestamp="2021-05-05T18:53:22 IST">
  <testcase classname="testcases_product.TS_01_login" name="login" time="1.258"/>
  <testcase classname="testcases_product.TS_03_AddProduct_variations" name="add_product" time="58.087"/>
  <testcase classname="test_base.base" name="@BeforeTest Start" time="0.0">
    <ignored/>
  </testcase> <!-- @BeforeTest Start -->
</testsuite> <!-- Test scenario 14 -->
