<?xml version="1.0" encoding="UTF-8"?>
<!-- Generated by org.testng.reporters.JUnitXMLReporter -->
<testsuite ignored="1" hostname="DESKTOP-EF8P1RI" failures="0" tests="2" name="Test scenario 11" time="34.812" errors="0" timestamp="2021-05-14T17:19:06 IST">
  <testcase classname="testcases_product.TS_01_login" name="login" time="1.283"/>
  <testcase classname="testcases_product.TS_02_AddProduct_No_variations" name="add_product" time="25.245"/>
  <testcase classname="test_base.base" name="@BeforeTest Start" time="0.0">
    <ignored/>
  </testcase> <!-- @BeforeTest Start -->
</testsuite> <!-- Test scenario 11 -->
