<?xml version="1.0" encoding="UTF-8"?>
<!-- Generated by org.testng.reporters.JUnitXMLReporter -->
<testsuite ignored="1" hostname="DESKTOP-EF8P1RI" failures="0" tests="2" name="Test scenario 5" time="39.694" errors="0" timestamp="2021-05-14T18:16:44 IST">
  <testcase classname="testcases_product.TS_01_login" name="login" time="0.398"/>
  <testcase classname="testcases_product.TS_02_AddProduct_No_variations" name="add_product" time="24.541"/>
  <testcase classname="test_base.base" name="@BeforeTest Start" time="0.0">
    <ignored/>
  </testcase> <!-- @BeforeTest Start -->
</testsuite> <!-- Test scenario 5 -->
