<?xml version="1.0" encoding="UTF-8"?>
<!-- Generated by org.testng.reporters.JUnitXMLReporter -->
<testsuite ignored="1" hostname="DESKTOP-EF8P1RI" failures="0" tests="2" name="Test scenario 1 to 3" time="95.084" errors="0" timestamp="2021-05-14T18:11:53 IST">
  <testcase classname="testcases_product.TS_01_login" name="login" time="1.292"/>
  <testcase classname="testcases_product.TS_02_AddProduct_No_variations" name="add_product" time="86.3"/>
  <testcase classname="test_base.base" name="@BeforeTest Start" time="0.0">
    <ignored/>
  </testcase> <!-- @BeforeTest Start -->
</testsuite> <!-- Test scenario 1 to 3 -->
