<?xml version="1.0" encoding="UTF-8"?>
<!-- Generated by org.testng.reporters.JUnitXMLReporter -->
<testsuite ignored="1" hostname="DESKTOP-EF8P1RI" failures="0" tests="2" name="Verify submit button navigate to List page" time="59.28" errors="0" timestamp="2021-05-14T17:56:23 IST">
  <testcase classname="testcases_product.TS_01_login" name="login" time="1.116"/>
  <testcase classname="testcases_product.TS_03B_AddProduct_variations_1B" name="add_product" time="50.713"/>
  <testcase classname="test_base.base" name="@BeforeTest Start" time="0.0">
    <ignored/>
  </testcase> <!-- @BeforeTest Start -->
</testsuite> <!-- Verify submit button navigate to List page -->
