<?xml version="1.0" encoding="UTF-8"?>
<!-- Generated by org.testng.reporters.JUnitXMLReporter -->
<testsuite ignored="1" hostname="DESKTOP-EF8P1RI" failures="0" tests="2" name="Verify add product working when add product only with mandatory fields" time="33.474" errors="0" timestamp="2021-05-14T16:47:52 IST">
  <testcase classname="testcases_product.TS_01_login" name="login" time="0.326"/>
  <testcase classname="testcases_product.TS_02_AddProduct_No_variations" name="add_product" time="20.92"/>
  <testcase classname="test_base.base" name="@BeforeTest Start" time="0.0">
    <ignored/>
  </testcase> <!-- @BeforeTest Start -->
</testsuite> <!-- Verify add product working when add product only with mandatory fields -->
