<?xml version="1.0" encoding="UTF-8"?>
<testng-results ignored="1" total="3" passed="2" failed="0" skipped="0">
  <reporter-output>
    <line>
      <![CDATA[=====Browser Session Started=====]]>
    </line>
    <line>
      <![CDATA[=====Application Started=====]]>
    </line>
  </reporter-output>
  <suite started-at="2021-05-14T18:21:10 IST" name="Suite" finished-at="2021-05-14T18:23:21 IST" duration-ms="131412">
    <groups>
    </groups>
    <test started-at="2021-05-14T18:21:10 IST" name="Test scenario 4" finished-at="2021-05-14T18:23:21 IST" duration-ms="131412">
      <class name="testcases_product.TS_01_login">
        <test-method is-config="true" signature="Start()[pri:0, instance:testcases_product.TS_01_login@393671df]" started-at="2021-05-14T18:21:10 IST" name="Start" finished-at="2021-05-14T18:21:21 IST" duration-ms="11636" status="PASS">
          <reporter-output>
            <line>
              <![CDATA[=====Browser Session Started=====]]>
            </line>
            <line>
              <![CDATA[=====Application Started=====]]>
            </line>
          </reporter-output>
        </test-method> <!-- Start -->
        <test-method signature="login(int)[pri:0, instance:testcases_product.TS_01_login@393671df]" started-at="2021-05-14T18:21:22 IST" name="login" finished-at="2021-05-14T18:21:23 IST" duration-ms="1052" status="PASS">
          <params>
            <param index="0">
              <value>
                <![CDATA[1]]>
              </value>
            </param>
          </params>
          <reporter-output>
          </reporter-output>
        </test-method> <!-- login -->
      </class> <!-- testcases_product.TS_01_login -->
      <class name="testcases_product.TS_02_AddProduct_No_variations">
        <test-method signature="add_product(int, int, int)[pri:0, instance:testcases_product.TS_02_AddProduct_No_variations@56620197]" started-at="2021-05-14T18:21:22 IST" name="add_product" finished-at="2021-05-14T18:23:21 IST" duration-ms="119693" status="PASS">
          <params>
            <param index="0">
              <value>
                <![CDATA[4]]>
              </value>
            </param>
            <param index="1">
              <value>
                <![CDATA[4]]>
              </value>
            </param>
            <param index="2">
              <value>
                <![CDATA[0]]>
              </value>
            </param>
          </params>
          <reporter-output>
          </reporter-output>
        </test-method> <!-- add_product -->
      </class> <!-- testcases_product.TS_02_AddProduct_No_variations -->
    </test> <!-- Test scenario 4 -->
  </suite> <!-- Suite -->
</testng-results>
